# JRE version: Java(TM) SE Runtime Environment (7.0_51-b13) (build 1.7.0_51-b13)
# Java VM: Java HotSpot(TM) 64-Bit Server VM (24.51-b03 mixed mode linux-amd64 compressed oops)
Heap
 PSYoungGen      total 308736K, used 5441K [0x00000007ad000000, 0x00000007c0780000, 0x0000000800000000)
  eden space 299008K, 1% used [0x00000007ad000000,0x00000007ad5507c0,0x00000007bf400000)
  from space 9728K, 0% used [0x00000007bf400000,0x00000007bf400000,0x00000007bfd80000)
  to   space 9728K, 0% used [0x00000007bfe00000,0x00000007bfe00000,0x00000007c0780000)
 ParOldGen       total 66560K, used 25427K [0x0000000707000000, 0x000000070b100000, 0x00000007ad000000)
  object space 66560K, 38% used [0x0000000707000000,0x00000007088d4d20,0x000000070b100000)
 PSPermGen       total 27136K, used 26914K [0x0000000701e00000, 0x0000000703880000, 0x0000000707000000)
  object space 27136K, 99% used [0x0000000701e00000,0x0000000703848928,0x0000000703880000)
GC Heap History (10 events):
Event: 43882,379 GC heap before
{Heap before GC invocations=1466 (full 33):
 PSYoungGen      total 304128K, used 4587K [0x00000007ad000000, 0x00000007c0680000, 0x0000000800000000)
  eden space 299520K, 0% used [0x00000007ad000000,0x00000007ad000000,0x00000007bf480000)
  from space 4608K, 99% used [0x00000007bf480000,0x00000007bf8fad30,0x00000007bf900000)
  to   space 9216K, 0% used [0x00000007bfd80000,0x00000007bfd80000,0x00000007c0680000)
 ParOldGen       total 66560K, used 38492K [0x0000000707000000, 0x000000070b100000, 0x00000007ad000000)
  object space 66560K, 57% used [0x0000000707000000,0x0000000709597290,0x000000070b100000)
 PSPermGen       total 27648K, used 26990K [0x0000000701e00000, 0x0000000703900000, 0x0000000707000000)
  object space 27648K, 97% used [0x0000000701e00000,0x000000070385ba08,0x0000000703900000)
Event: 43882,509 GC heap after
Heap after GC invocations=1466 (full 33):
 PSYoungGen      total 304128K, used 0K [0x00000007ad000000, 0x00000007c0680000, 0x0000000800000000)
  eden space 299520K, 0% used [0x00000007ad000000,0x00000007ad000000,0x00000007bf480000)
  from space 4608K, 0% used [0x00000007bf480000,0x00000007bf480000,0x00000007bf900000)
  to   space 9216K, 0% used [0x00000007bfd80000,0x00000007bfd80000,0x00000007c0680000)
 ParOldGen       total 66560K, used 37641K [0x0000000707000000, 0x000000070b100000, 0x00000007ad000000)
  object space 66560K, 56% used [0x0000000707000000,0x00000007094c24b8,0x000000070b100000)
 PSPermGen       total 27648K, used 26990K [0x0000000701e00000, 0x0000000703900000, 0x0000000707000000)
  object space 27648K, 97% used [0x0000000701e00000,0x000000070385b9c8,0x0000000703900000)
}
Event: 47482,510 GC heap before
{Heap before GC invocations=1467 (full 33):
 PSYoungGen      total 304128K, used 2K [0x00000007ad000000, 0x00000007c0680000, 0x0000000800000000)
  eden space 299520K, 0% used [0x00000007ad000000,0x00000007ad000820,0x00000007bf480000)
  from space 4608K, 0% used [0x00000007bf480000,0x00000007bf480000,0x00000007bf900000)
  to   space 9216K, 0% used [0x00000007bfd80000,0x00000007bfd80000,0x00000007c0680000)
 ParOldGen       total 66560K, used 37641K [0x0000000707000000, 0x000000070b100000, 0x00000007ad000000)
  object space 66560K, 56% used [0x0000000707000000,0x00000007094c24b8,0x000000070b100000)
 PSPermGen       total 27648K, used 26990K [0x0000000701e00000, 0x0000000703900000, 0x0000000707000000)
  object space 27648K, 97% used [0x0000000701e00000,0x000000070385bbb0,0x0000000703900000)
Event: 47482,512 GC heap after
Heap after GC invocations=1467 (full 33):
 PSYoungGen      total 308224K, used 64K [0x00000007ad000000, 0x00000007c0780000, 0x0000000800000000)
  eden space 299008K, 0% used [0x00000007ad000000,0x00000007ad000000,0x00000007bf400000)
  from space 9216K, 0% used [0x00000007bfd80000,0x00000007bfd90000,0x00000007c0680000)
  to   space 9728K, 0% used [0x00000007bf400000,0x00000007bf400000,0x00000007bfd80000)
 ParOldGen       total 66560K, used 37641K [0x0000000707000000, 0x000000070b100000, 0x00000007ad000000)
  object space 66560K, 56% used [0x0000000707000000,0x00000007094c24b8,0x000000070b100000)
 PSPermGen       total 27648K, used 26990K [0x0000000701e00000, 0x0000000703900000, 0x0000000707000000)
  object space 27648K, 97% used [0x0000000701e00000,0x000000070385bbb0,0x0000000703900000)
}
Event: 47482,512 GC heap before
{Heap before GC invocations=1468 (full 34):
 PSYoungGen      total 308224K, used 64K [0x00000007ad000000, 0x00000007c0780000, 0x0000000800000000)
  eden space 299008K, 0% used [0x00000007ad000000,0x00000007ad000000,0x00000007bf400000)
  from space 9216K, 0% used [0x00000007bfd80000,0x00000007bfd90000,0x00000007c0680000)
  to   space 9728K, 0% used [0x00000007bf400000,0x00000007bf400000,0x00000007bfd80000)
 ParOldGen       total 66560K, used 37641K [0x0000000707000000, 0x000000070b100000, 0x00000007ad000000)
  object space 66560K, 56% used [0x0000000707000000,0x00000007094c24b8,0x000000070b100000)
 PSPermGen       total 27648K, used 26990K [0x0000000701e00000, 0x0000000703900000, 0x0000000707000000)
  object space 27648K, 97% used [0x0000000701e00000,0x000000070385bbb0,0x0000000703900000)
Event: 47482,634 GC heap after
Heap after GC invocations=1468 (full 34):
 PSYoungGen      total 308224K, used 0K [0x00000007ad000000, 0x00000007c0780000, 0x0000000800000000)
  eden space 299008K, 0% used [0x00000007ad000000,0x00000007ad000000,0x00000007bf400000)
  from space 9216K, 0% used [0x00000007bfd80000,0x00000007bfd80000,0x00000007c0680000)
  to   space 9728K, 0% used [0x00000007bf400000,0x00000007bf400000,0x00000007bfd80000)
 ParOldGen       total 66560K, used 25485K [0x0000000707000000, 0x000000070b100000, 0x00000007ad000000)
  object space 66560K, 38% used [0x0000000707000000,0x00000007088e37c8,0x000000070b100000)
 PSPermGen       total 27136K, used 26894K [0x0000000701e00000, 0x0000000703880000, 0x0000000707000000)
  object space 27136K, 99% used [0x0000000701e00000,0x0000000703843868,0x0000000703880000)
}
Event: 51082,635 GC heap before
{Heap before GC invocations=1469 (full 34):
 PSYoungGen      total 308224K, used 36K [0x00000007ad000000, 0x00000007c0780000, 0x0000000800000000)
  eden space 299008K, 0% used [0x00000007ad000000,0x00000007ad009380,0x00000007bf400000)
  from space 9216K, 0% used [0x00000007bfd80000,0x00000007bfd80000,0x00000007c0680000)
  to   space 9728K, 0% used [0x00000007bf400000,0x00000007bf400000,0x00000007bfd80000)
 ParOldGen       total 66560K, used 25485K [0x0000000707000000, 0x000000070b100000, 0x00000007ad000000)
  object space 66560K, 38% used [0x0000000707000000,0x00000007088e37c8,0x000000070b100000)
 PSPermGen       total 27136K, used 26894K [0x0000000701e00000, 0x0000000703880000, 0x0000000707000000)
  object space 27136K, 99% used [0x0000000701e00000,0x0000000703843868,0x0000000703880000)
Event: 51082,637 GC heap after
Heap after GC invocations=1469 (full 34):
 PSYoungGen      total 308736K, used 96K [0x00000007ad000000, 0x00000007c0780000, 0x0000000800000000)
  eden space 299008K, 0% used [0x00000007ad000000,0x00000007ad000000,0x00000007bf400000)
  from space 9728K, 0% used [0x00000007bf400000,0x00000007bf418000,0x00000007bfd80000)
  to   space 9728K, 0% used [0x00000007bfe00000,0x00000007bfe00000,0x00000007c0780000)
 ParOldGen       total 66560K, used 25485K [0x0000000707000000, 0x000000070b100000, 0x00000007ad000000)
  object space 66560K, 38% used [0x0000000707000000,0x00000007088e37c8,0x000000070b100000)
 PSPermGen       total 27136K, used 26894K [0x0000000701e00000, 0x0000000703880000, 0x0000000707000000)
  object space 27136K, 99% used [0x0000000701e00000,0x0000000703843868,0x0000000703880000)
}
Event: 51082,637 GC heap before
{Heap before GC invocations=1470 (full 35):
 PSYoungGen      total 308736K, used 96K [0x00000007ad000000, 0x00000007c0780000, 0x0000000800000000)
  eden space 299008K, 0% used [0x00000007ad000000,0x00000007ad000000,0x00000007bf400000)
  from space 9728K, 0% used [0x00000007bf400000,0x00000007bf418000,0x00000007bfd80000)
  to   space 9728K, 0% used [0x00000007bfe00000,0x00000007bfe00000,0x00000007c0780000)
 ParOldGen       total 66560K, used 25485K [0x0000000707000000, 0x000000070b100000, 0x00000007ad000000)
  object space 66560K, 38% used [0x0000000707000000,0x00000007088e37c8,0x000000070b100000)
 PSPermGen       total 27136K, used 26894K [0x0000000701e00000, 0x0000000703880000, 0x0000000707000000)
  object space 27136K, 99% used [0x0000000701e00000,0x0000000703843868,0x0000000703880000)
Event: 51082,725 GC heap after
Heap after GC invocations=1470 (full 35):
 PSYoungGen      total 308736K, used 0K [0x00000007ad000000, 0x00000007c0780000, 0x0000000800000000)
  eden space 299008K, 0% used [0x00000007ad000000,0x00000007ad000000,0x00000007bf400000)
  from space 9728K, 0% used [0x00000007bf400000,0x00000007bf400000,0x00000007bfd80000)
  to   space 9728K, 0% used [0x00000007bfe00000,0x00000007bfe00000,0x00000007c0780000)
 ParOldGen       total 66560K, used 25427K [0x0000000707000000, 0x000000070b100000, 0x00000007ad000000)
  object space 66560K, 38% used [0x0000000707000000,0x00000007088d4d20,0x000000070b100000)
 PSPermGen       total 27136K, used 26894K [0x0000000701e00000, 0x0000000703880000, 0x0000000707000000)
  object space 27136K, 99% used [0x0000000701e00000,0x0000000703843868,0x0000000703880000)
}

